P: 0.26666666666666666
E:  0.8112781244591328
P: 0.7333333333333333
E:  0.9940302114769565
Humidity :  0.0256542728491318
P: 0.5333333333333333
E:  0.8112781244591328
P: 0.06666666666666667
E:  0.0
P: 0.4
E:  1.0
Wind :  0.1382689280764644
P: 0.26666666666666666
E:  0.8112781244591328
P: 0.4666666666666667
E:  0.9852281360342515
P: 0.26666666666666666
E:  1.0
Temp :  0.02816996444958253
P: 0.3333333333333333
E:  0.9709505944546686
P: 0.26666666666666666
E:  0.0
P: 0.4
E:  1.0
Outlook :  0.2473003963031124
B: Outlook

P: 0.4
E:  0.0
P: 0.6
E:  0.0
Humidity :  0.9709505944546686
P: 0.2
E:  0.0
P: 0.4
E:  1.0
P: 0.4
E:  0.0
Temp :  0.5709505944546686
P: 0.6
E:  0.9182958340544896
P: 0.0
P: 0.4
E:  1.0
Wind :  0.01997309402197489
B: Humidity

P: 0.16666666666666666
E:  0.0
P: 0.8333333333333334
E:  0.9709505944546686
Humidity :  0.19087450462110944
P: 0.3333333333333333
E:  1.0
P: 0.6666666666666666
E:  1.0
P: 0.0
Temp :  0.0
P: 0.5
E:  0.0
P: 0.16666666666666666
E:  0.0
P: 0.3333333333333333
E:  0.0
Wind :  1.0
B: Wind

 Outlook=Sunny:
     Humidity=Dry:
         Play
     Humidity=Humid:
         Noplay
 Outlook=Overcast:
     Play
 Outlook=Rain:
     Wind=Calm:
         Play
     Wind=Breezy:
         Noplay
     Wind=Windy:
         Noplay
